<html>
<body>
<pre>
<h1>µVision Build Log</h1>
<h2>Tool Versions:</h2>
IDE-Version: µVision V5.27.1.0
Copyright (C) 2019 ARM Ltd and ARM Germany GmbH. All rights reserved.
License Information: Xiaoyi Wang, Queen's University, LIC=GMZII-TAP8B-DYPV3-AVC0U-9EMBD-Z5HKS
 
Tool Versions:
Toolchain:       MDK-ARM Plus  Version: 5.27.1.0
Toolchain Path:  C:\Keil_v5\ARM\ARMCC\Bin
C Compiler:      Armcc.exe V5.06 update 6 (build 750)
Assembler:       Armasm.exe V5.06 update 6 (build 750)
Linker/Locator:  ArmLink.exe V5.06 update 6 (build 750)
Library Manager: ArmAr.exe V5.06 update 6 (build 750)
Hex Converter:   FromElf.exe V5.06 update 6 (build 750)
CPU DLL:         SARMCM3.DLL V5.27.1.0
Dialog DLL:      DCM.DLL V1.17.2.0
Target DLL:      Segger\JL2CM3.dll V2.99.35.0
Dialog DLL:      TCM.DLL V1.36.1.0
 
<h2>Project:</h2>
C:\Users\Sean\Documents\github\StandardControl\MDK-ARM\infantry.uvprojx
Project File Date:  05/16/2019

<h2>Output:</h2>
*** Using Compiler 'V5.06 update 6 (build 750)', folder: 'C:\Keil_v5\ARM\ARMCC\Bin'
Rebuild target 'Flash'
compiling referee_system.c...
compiling drv_can.c...
compiling communicate.c...
compiling drv_flash.c...
compiling rc_light.c...
..\application\rc_light.c(28): warning:  #177-D: variable "flag"  was declared but never referenced
    int flag = 0;
..\application\rc_light.c: 1 warning, 0 errors
compiling shoot_task.c...
compiling drv_dr16.c...
compiling gimbal_task.c...
compiling timer_task.c...
compiling offline_check.c...
compiling drv_imu.c...
compiling chassis_task.c...
..\application\chassis_task.c(93): error: At end of source:  #5: cannot open source input file "..\build\chassis_task.crf": Invalid argument
..\application\chassis_task.c: 0 warnings, 1 error
compiling init.c...
..\application\init.c(132): warning:  #550-D: variable "app"  was set but never used
    uint8_t app;
..\application\init.c: 1 warning, 0 errors
compiling single_gyro.c...
compiling board.c...
compiling mecanum.c...
compiling madgwick_ahrs.c...
compiling infantry_cmd.c...
compiling mahony_ahrs.c...
compiling ramp.c...
compiling period.c...
"no source": Error:  #219: error while deleting file "..\build\period.d": Permission denied
..\utilities\period.c: 0 warnings, 1 error
compiling drv_io.c...
compiling drv_uart.c...
compiling chassis.c...
compiling dbus.c...
compiling controller.c...
compiling gimbal.c...
compiling detect.c...
compiling object.c...
Error: L6449E: While processing ..\build\object.o: I/O error writing file '..\build\object.o': Invalid argument
Finished: 0 information, 0 warning and 1 error messages.
compiling device.c...
compiling pid.c...
compiling motor.c...
compiling pid_controller.c...
compiling shoot.c...
compiling mf_crc.c...
compiling croutine.c...
compiling ulog.c...
compiling soft_timer.c...
compiling event_groups.c...
compiling list.c...
compiling cmsis_os.c...
compiling queue.c...
compiling timers.c...
compiling heap_4.c...
compiling tasks.c...
compiling ulog_console.c...
compiling port.c...
compiling freertos.c...
compiling spi.c...
compiling dma.c...
compiling can.c...
compiling param.c...
compiling protocol_interface.c...
compiling mem_mang4.c...
compiling test.c...
compiling test_module.c...
compiling fifo.c...
compiling log_test.c...
compiling gpio.c...
compiling protocol_transmit.c...
..\application\protocol\protocol_transmit.c(931): warning:  #550-D: variable "err_info"  was set but never used
    char *err_info;
..\application\protocol\protocol_transmit.c: 1 warning, 0 errors
compiling protocol_common.c...
compiling protocol.c...
compiling main.c...
assembling startup_stm32f427xx.s...
compiling stm32f4xx_hal_msp.c...
compiling usbd_conf.c...
compiling system_stm32f4xx.c...
compiling usbd_ctlreq.c...
compiling usbd_cdc.c...
compiling usbd_ioreq.c...
compiling stm32f4xx_hal_timebase_TIM.c...
compiling tim.c...
compiling usbd_desc.c...
compiling stm32f4xx_it.c...
compiling usb_device.c...
compiling usbd_core.c...
compiling usart.c...
compiling usbd_cdc_if.c...
compiling stm32f4xx_hal.c...
compiling stm32f4xx_hal_can.c...
compiling stm32f4xx_hal_pwr.c...
compiling stm32f4xx_hal_flash_ex.c...
compiling stm32f4xx_hal_rcc.c...
compiling stm32f4xx_hal_spi.c...
compiling stm32f4xx_hal_cortex.c...
compiling stm32f4xx_hal_gpio.c...
compiling stm32f4xx_hal_rcc_ex.c...
compiling stm32f4xx_hal_pcd_ex.c...
compiling stm32f4xx_hal_dma_ex.c...
compiling stm32f4xx_hal_dma.c...
compiling stm32f4xx_hal_flash.c...
compiling stm32f4xx_hal_flash_ramfunc.c...
compiling stm32f4xx_hal_pcd.c...
compiling stm32f4xx_hal_pwr_ex.c...
compiling stm32f4xx_hal_tim_ex.c...
compiling stm32f4xx_hal_usart.c...
compiling stm32f4xx_hal_tim.c...
compiling stm32f4xx_hal_uart.c...
compiling stm32f4xx_ll_usb.c...
"..\build\infantry.axf" - 3 Error(s), 3 Warning(s).

<h2>Software Packages used:</h2>

Package Vendor: Keil
                http://www.keil.com/pack/Keil.STM32F4xx_DFP.2.13.0.pack
                Keil.STM32F4xx_DFP.2.13.0
                STMicroelectronics STM32F4 Series Device Support, Drivers and Examples

<h2>Collection of Component include folders:</h2>
  .\RTE\_Flash
  C:\Users\Sean\AppData\Local\Arm\Packs\Keil\STM32F4xx_DFP\2.13.0\Drivers\CMSIS\Device\ST\STM32F4xx\Include

<h2>Collection of Component Files used:</h2>
Target not created.
Build Time Elapsed:  00:00:39
</pre>
</body>
</html>
